{"/Users/kanoa/code/timer/src/components/Timer/RecoveryModal.tsx": {"path":"/Users/kanoa/code/timer/src/components/Timer/RecoveryModal.tsx","statementMap":{"0":{"start":{"line":20,"column":0},"end":{"line":20,"column":16}},"1":{"start":{"line":1,"column":0},"end":{"line":1,"column":26}},"2":{"start":{"line":2,"column":0},"end":{"line":2,"column":null}},"3":{"start":{"line":11,"column":0},"end":{"line":11,"column":53}},"4":{"start":{"line":26,"column":2},"end":{"line":26,"column":28}},"5":{"start":{"line":26,"column":16},"end":{"line":26,"column":28}},"6":{"start":{"line":28,"column":18},"end":{"line":28,"column":47}},"7":{"start":{"line":29,"column":19},"end":{"line":29,"column":46}},"8":{"start":{"line":31,"column":2},"end":{"line":82,"column":4}},"9":{"start":{"line":40,"column":58},"end":{"line":40,"column":77}},"10":{"start":{"line":85,"column":15},"end":{"line":175,"column":2}}},"fnMap":{"0":{"name":"RecoveryModal","decl":{"start":{"line":20,"column":16},"end":{"line":20,"column":29}},"loc":{"start":{"line":25,"column":21},"end":{"line":83,"column":1}}},"1":{"name":"(anonymous_2)","decl":{"start":{"line":40,"column":51},"end":{"line":40,"column":52}},"loc":{"start":{"line":40,"column":58},"end":{"line":40,"column":77}}}},"branchMap":{"0":{"loc":{"start":{"line":26,"column":2},"end":{"line":26,"column":28}},"type":"if","locations":[{"start":{"line":26,"column":2},"end":{"line":26,"column":28}},{"start":{},"end":{}}]},"1":{"loc":{"start":{"line":28,"column":18},"end":{"line":28,"column":47}},"type":"binary-expr","locations":[{"start":{"line":28,"column":18},"end":{"line":28,"column":42}},{"start":{"line":28,"column":46},"end":{"line":28,"column":47}}]},"2":{"loc":{"start":{"line":57,"column":17},"end":{"line":57,"column":44}},"type":"cond-expr","locations":[{"start":{"line":57,"column":28},"end":{"line":57,"column":39}},{"start":{"line":57,"column":42},"end":{"line":57,"column":44}}]}},"s":{"0":0,"1":0,"2":0,"3":0,"4":0,"5":0,"6":0,"7":0,"8":0,"9":0,"10":0},"f":{"0":0,"1":0},"b":{"0":[0,0],"1":[0,0],"2":[0,0]}}
,"/Users/kanoa/code/timer/src/components/Timer/SessionInput.tsx": {"path":"/Users/kanoa/code/timer/src/components/Timer/SessionInput.tsx","statementMap":{"0":{"start":{"line":10,"column":0},"end":{"line":10,"column":16}},"1":{"start":{"line":1,"column":0},"end":{"line":1,"column":26}},"2":{"start":{"line":2,"column":0},"end":{"line":2,"column":65}},"3":{"start":{"line":11,"column":2},"end":{"line":24,"column":4}},"4":{"start":{"line":27,"column":15},"end":{"line":54,"column":2}}},"fnMap":{"0":{"name":"SessionInput","decl":{"start":{"line":10,"column":16},"end":{"line":10,"column":28}},"loc":{"start":{"line":10,"column":81},"end":{"line":25,"column":1}}}},"branchMap":{"0":{"loc":{"start":{"line":15,"column":30},"end":{"line":15,"column":62}},"type":"binary-expr","locations":[{"start":{"line":15,"column":30},"end":{"line":15,"column":38}},{"start":{"line":15,"column":42},"end":{"line":15,"column":62}}]}},"s":{"0":0,"1":0,"2":0,"3":0,"4":0},"f":{"0":0},"b":{"0":[0,0]}}
,"/Users/kanoa/code/timer/src/components/Timer/TimerControls.tsx": {"path":"/Users/kanoa/code/timer/src/components/Timer/TimerControls.tsx","statementMap":{"0":{"start":{"line":56,"column":0},"end":{"line":56,"column":16}},"1":{"start":{"line":1,"column":0},"end":{"line":1,"column":26}},"2":{"start":{"line":2,"column":0},"end":{"line":2,"column":72}},"3":{"start":{"line":4,"column":0},"end":{"line":4,"column":47}},"4":{"start":{"line":29,"column":22},"end":{"line":41,"column":3}},"5":{"start":{"line":30,"column":4},"end":{"line":39,"column":5}},"6":{"start":{"line":32,"column":8},"end":{"line":32,"column":31}},"7":{"start":{"line":33,"column":8},"end":{"line":33,"column":14}},"8":{"start":{"line":35,"column":8},"end":{"line":35,"column":26}},"9":{"start":{"line":36,"column":8},"end":{"line":36,"column":14}},"10":{"start":{"line":38,"column":8},"end":{"line":38,"column":30}},"11":{"start":{"line":40,"column":4},"end":{"line":40,"column":14}},"12":{"start":{"line":43,"column":2},"end":{"line":53,"column":4}},"13":{"start":{"line":63,"column":2},"end":{"line":74,"column":3}},"14":{"start":{"line":64,"column":4},"end":{"line":73,"column":6}},"15":{"start":{"line":76,"column":2},"end":{"line":93,"column":3}},"16":{"start":{"line":77,"column":4},"end":{"line":92,"column":6}},"17":{"start":{"line":96,"column":2},"end":{"line":111,"column":4}},"18":{"start":{"line":114,"column":20},"end":{"line":114,"column":22}},"19":{"start":{"line":116,"column":15},"end":{"line":145,"column":2}}},"fnMap":{"0":{"name":"CircleButton","decl":{"start":{"line":22,"column":9},"end":{"line":22,"column":21}},"loc":{"start":{"line":28,"column":20},"end":{"line":54,"column":1}}},"1":{"name":"(anonymous_11)","decl":{"start":{"line":29,"column":22},"end":{"line":29,"column":25}},"loc":{"start":{"line":29,"column":27},"end":{"line":41,"column":3}}},"2":{"name":"TimerControls","decl":{"start":{"line":56,"column":16},"end":{"line":56,"column":29}},"loc":{"start":{"line":62,"column":21},"end":{"line":112,"column":1}}}},"branchMap":{"0":{"loc":{"start":{"line":26,"column":2},"end":{"line":26,"column":20}},"type":"default-arg","locations":[{"start":{"line":26,"column":14},"end":{"line":26,"column":20}}]},"1":{"loc":{"start":{"line":27,"column":2},"end":{"line":27,"column":22}},"type":"default-arg","locations":[{"start":{"line":27,"column":15},"end":{"line":27,"column":22}}]},"2":{"loc":{"start":{"line":30,"column":4},"end":{"line":39,"column":5}},"type":"switch","locations":[{"start":{"line":31,"column":6},"end":{"line":33,"column":14}},{"start":{"line":34,"column":6},"end":{"line":36,"column":14}},{"start":{"line":37,"column":6},"end":{"line":38,"column":30}}]},"3":{"loc":{"start":{"line":63,"column":2},"end":{"line":74,"column":3}},"type":"if","locations":[{"start":{"line":63,"column":2},"end":{"line":74,"column":3}},{"start":{},"end":{}}]},"4":{"loc":{"start":{"line":76,"column":2},"end":{"line":93,"column":3}},"type":"if","locations":[{"start":{"line":76,"column":2},"end":{"line":93,"column":3}},{"start":{},"end":{}}]}},"s":{"0":0,"1":0,"2":0,"3":0,"4":0,"5":0,"6":0,"7":0,"8":0,"9":0,"10":0,"11":0,"12":0,"13":0,"14":0,"15":0,"16":0,"17":0,"18":0,"19":0},"f":{"0":0,"1":0,"2":0},"b":{"0":[0],"1":[0],"2":[0,0,0],"3":[0,0],"4":[0,0]}}
,"/Users/kanoa/code/timer/src/components/Timer/TimerDisplay.tsx": {"path":"/Users/kanoa/code/timer/src/components/Timer/TimerDisplay.tsx","statementMap":{"0":{"start":{"line":9,"column":0},"end":{"line":9,"column":16}},"1":{"start":{"line":1,"column":0},"end":{"line":1,"column":26}},"2":{"start":{"line":2,"column":0},"end":{"line":2,"column":54}},"3":{"start":{"line":3,"column":0},"end":{"line":3,"column":53}},"4":{"start":{"line":10,"column":2},"end":{"line":14,"column":4}},"5":{"start":{"line":17,"column":15},"end":{"line":31,"column":2}}},"fnMap":{"0":{"name":"TimerDisplay","decl":{"start":{"line":9,"column":16},"end":{"line":9,"column":28}},"loc":{"start":{"line":9,"column":66},"end":{"line":15,"column":1}}}},"branchMap":{},"s":{"0":0,"1":0,"2":0,"3":0,"4":0,"5":0},"f":{"0":0},"b":{}}
,"/Users/kanoa/code/timer/src/contexts/ToastContext.tsx": {"path":"/Users/kanoa/code/timer/src/contexts/ToastContext.tsx","statementMap":{"0":{"start":{"line":26,"column":0},"end":{"line":26,"column":16}},"1":{"start":{"line":108,"column":0},"end":{"line":108,"column":16}},"2":{"start":{"line":1,"column":0},"end":{"line":1,"column":88}},"3":{"start":{"line":2,"column":0},"end":{"line":2,"column":null}},"4":{"start":{"line":22,"column":21},"end":{"line":22,"column":76}},"5":{"start":{"line":24,"column":32},"end":{"line":24,"column":56}},"6":{"start":{"line":27,"column":28},"end":{"line":27,"column":63}},"7":{"start":{"line":28,"column":19},"end":{"line":28,"column":56}},"8":{"start":{"line":29,"column":21},"end":{"line":29,"column":56}},"9":{"start":{"line":31,"column":20},"end":{"line":57,"column":16}},"10":{"start":{"line":33,"column":4},"end":{"line":35,"column":5}},"11":{"start":{"line":34,"column":6},"end":{"line":34,"column":39}},"12":{"start":{"line":37,"column":15},"end":{"line":37,"column":36}},"13":{"start":{"line":38,"column":4},"end":{"line":38,"column":36}},"14":{"start":{"line":41,"column":4},"end":{"line":45,"column":15}},"15":{"start":{"line":48,"column":4},"end":{"line":56,"column":13}},"16":{"start":{"line":49,"column":6},"end":{"line":55,"column":9}},"17":{"start":{"line":54,"column":8},"end":{"line":54,"column":23}},"18":{"start":{"line":59,"column":24},"end":{"line":69,"column":3}},"19":{"start":{"line":60,"column":4},"end":{"line":68,"column":5}},"20":{"start":{"line":62,"column":8},"end":{"line":62,"column":46}},"21":{"start":{"line":64,"column":8},"end":{"line":64,"column":46}},"22":{"start":{"line":67,"column":8},"end":{"line":67,"column":46}},"23":{"start":{"line":71,"column":18},"end":{"line":81,"column":3}},"24":{"start":{"line":72,"column":4},"end":{"line":80,"column":5}},"25":{"start":{"line":74,"column":8},"end":{"line":74,"column":19}},"26":{"start":{"line":76,"column":8},"end":{"line":76,"column":19}},"27":{"start":{"line":79,"column":8},"end":{"line":79,"column":19}},"28":{"start":{"line":83,"column":2},"end":{"line":105,"column":4}},"29":{"start":{"line":109,"column":18},"end":{"line":109,"column":42}},"30":{"start":{"line":110,"column":2},"end":{"line":112,"column":3}},"31":{"start":{"line":111,"column":4},"end":{"line":111,"column":68}},"32":{"start":{"line":113,"column":2},"end":{"line":113,"column":17}},"33":{"start":{"line":116,"column":15},"end":{"line":158,"column":2}}},"fnMap":{"0":{"name":"ToastProvider","decl":{"start":{"line":26,"column":16},"end":{"line":26,"column":29}},"loc":{"start":{"line":26,"column":73},"end":{"line":106,"column":1}}},"1":{"name":"(anonymous_10)","decl":{"start":{"line":31,"column":32},"end":{"line":31,"column":33}},"loc":{"start":{"line":31,"column":78},"end":{"line":57,"column":3}}},"2":{"name":"(anonymous_11)","decl":{"start":{"line":48,"column":36},"end":{"line":48,"column":39}},"loc":{"start":{"line":48,"column":41},"end":{"line":56,"column":5}}},"3":{"name":"(anonymous_12)","decl":{"start":{"line":53,"column":15},"end":{"line":53,"column":18}},"loc":{"start":{"line":53,"column":20},"end":{"line":55,"column":7}}},"4":{"name":"(anonymous_13)","decl":{"start":{"line":59,"column":24},"end":{"line":59,"column":25}},"loc":{"start":{"line":59,"column":44},"end":{"line":69,"column":3}}},"5":{"name":"(anonymous_14)","decl":{"start":{"line":71,"column":18},"end":{"line":71,"column":19}},"loc":{"start":{"line":71,"column":38},"end":{"line":81,"column":3}}},"6":{"name":"useToast","decl":{"start":{"line":108,"column":16},"end":{"line":108,"column":24}},"loc":{"start":{"line":108,"column":24},"end":{"line":114,"column":1}}}},"branchMap":{"0":{"loc":{"start":{"line":31,"column":50},"end":{"line":31,"column":74}},"type":"default-arg","locations":[{"start":{"line":31,"column":68},"end":{"line":31,"column":74}}]},"1":{"loc":{"start":{"line":33,"column":4},"end":{"line":35,"column":5}},"type":"if","locations":[{"start":{"line":33,"column":4},"end":{"line":35,"column":5}},{"start":{},"end":{}}]},"2":{"loc":{"start":{"line":60,"column":4},"end":{"line":68,"column":5}},"type":"switch","locations":[{"start":{"line":61,"column":6},"end":{"line":62,"column":46}},{"start":{"line":63,"column":6},"end":{"line":64,"column":46}},{"start":{"line":65,"column":6},"end":{"line":65,"column":18}},{"start":{"line":66,"column":6},"end":{"line":67,"column":46}}]},"3":{"loc":{"start":{"line":72,"column":4},"end":{"line":80,"column":5}},"type":"switch","locations":[{"start":{"line":73,"column":6},"end":{"line":74,"column":19}},{"start":{"line":75,"column":6},"end":{"line":76,"column":19}},{"start":{"line":77,"column":6},"end":{"line":77,"column":18}},{"start":{"line":78,"column":6},"end":{"line":79,"column":19}}]},"4":{"loc":{"start":{"line":86,"column":7},"end":{"line":102,"column":null}},"type":"binary-expr","locations":[{"start":{"line":86,"column":7},"end":{"line":86,"column":12}},{"start":{"line":87,"column":8},"end":{"line":101,"column":null}}]},"5":{"loc":{"start":{"line":110,"column":2},"end":{"line":112,"column":3}},"type":"if","locations":[{"start":{"line":110,"column":2},"end":{"line":112,"column":3}},{"start":{},"end":{}}]}},"s":{"0":0,"1":0,"2":0,"3":0,"4":0,"5":0,"6":0,"7":0,"8":0,"9":0,"10":0,"11":0,"12":0,"13":0,"14":0,"15":0,"16":0,"17":0,"18":0,"19":0,"20":0,"21":0,"22":0,"23":0,"24":0,"25":0,"26":0,"27":0,"28":0,"29":0,"30":0,"31":0,"32":0,"33":0},"f":{"0":0,"1":0,"2":0,"3":0,"4":0,"5":0,"6":0},"b":{"0":[0],"1":[0,0],"2":[0,0,0,0],"3":[0,0,0,0],"4":[0,0],"5":[0,0]}}
,"/Users/kanoa/code/timer/src/hooks/useTimer.ts": {"path":"/Users/kanoa/code/timer/src/hooks/useTimer.ts","statementMap":{"0":{"start":{"line":27,"column":0},"end":{"line":27,"column":16}},"1":{"start":{"line":1,"column":0},"end":{"line":1,"column":65}},"2":{"start":{"line":2,"column":0},"end":{"line":2,"column":56}},"3":{"start":{"line":5,"column":0},"end":{"line":5,"column":64}},"4":{"start":{"line":6,"column":0},"end":{"line":6,"column":null}},"5":{"start":{"line":28,"column":22},"end":{"line":28,"column":29}},"6":{"start":{"line":29,"column":40},"end":{"line":29,"column":69}},"7":{"start":{"line":30,"column":46},"end":{"line":30,"column":57}},"8":{"start":{"line":31,"column":40},"end":{"line":31,"column":52}},"9":{"start":{"line":32,"column":36},"end":{"line":32,"column":65}},"10":{"start":{"line":33,"column":42},"end":{"line":33,"column":57}},"11":{"start":{"line":34,"column":50},"end":{"line":34,"column":80}},"12":{"start":{"line":36,"column":22},"end":{"line":36,"column":57}},"13":{"start":{"line":37,"column":23},"end":{"line":37,"column":50}},"14":{"start":{"line":38,"column":21},"end":{"line":38,"column":38}},"15":{"start":{"line":39,"column":22},"end":{"line":39,"column":67}},"16":{"start":{"line":40,"column":37},"end":{"line":40,"column":50}},"17":{"start":{"line":42,"column":29},"end":{"line":47,"column":8}},"18":{"start":{"line":43,"column":4},"end":{"line":46,"column":5}},"19":{"start":{"line":44,"column":6},"end":{"line":44,"column":41}},"20":{"start":{"line":45,"column":6},"end":{"line":45,"column":33}},"21":{"start":{"line":52,"column":36},"end":{"line":66,"column":8}},"22":{"start":{"line":53,"column":27},"end":{"line":53,"column":56}},"23":{"start":{"line":55,"column":4},"end":{"line":58,"column":5}},"24":{"start":{"line":57,"column":6},"end":{"line":57,"column":28}},"25":{"start":{"line":61,"column":23},"end":{"line":61,"column":61}},"26":{"start":{"line":62,"column":16},"end":{"line":62,"column":26}},"27":{"start":{"line":63,"column":31},"end":{"line":63,"column":68}},"28":{"start":{"line":65,"column":4},"end":{"line":65,"column":47}},"29":{"start":{"line":71,"column":29},"end":{"line":87,"column":26}},"30":{"start":{"line":72,"column":4},"end":{"line":72,"column":25}},"31":{"start":{"line":74,"column":4},"end":{"line":74,"column":25}},"32":{"start":{"line":74,"column":18},"end":{"line":74,"column":25}},"33":{"start":{"line":76,"column":18},"end":{"line":76,"column":33}},"34":{"start":{"line":77,"column":4},"end":{"line":86,"column":13}},"35":{"start":{"line":78,"column":6},"end":{"line":78,"column":19}},"36":{"start":{"line":79,"column":6},"end":{"line":79,"column":35}},"37":{"start":{"line":80,"column":6},"end":{"line":80,"column":33}},"38":{"start":{"line":83,"column":6},"end":{"line":85,"column":9}},"39":{"start":{"line":84,"column":8},"end":{"line":84,"column":63}},"40":{"start":{"line":89,"column":23},"end":{"line":116,"column":35}},"41":{"start":{"line":90,"column":4},"end":{"line":90,"column":26}},"42":{"start":{"line":91,"column":4},"end":{"line":91,"column":30}},"43":{"start":{"line":92,"column":4},"end":{"line":92,"column":25}},"44":{"start":{"line":93,"column":4},"end":{"line":93,"column":27}},"45":{"start":{"line":96,"column":20},"end":{"line":96,"column":65}},"46":{"start":{"line":97,"column":4},"end":{"line":102,"column":5}},"47":{"start":{"line":98,"column":6},"end":{"line":98,"column":40}},"48":{"start":{"line":99,"column":6},"end":{"line":99,"column":31}},"49":{"start":{"line":101,"column":6},"end":{"line":101,"column":66}},"50":{"start":{"line":105,"column":23},"end":{"line":105,"column":59}},"51":{"start":{"line":106,"column":4},"end":{"line":108,"column":7}},"52":{"start":{"line":107,"column":6},"end":{"line":107,"column":60}},"53":{"start":{"line":111,"column":4},"end":{"line":113,"column":5}},"54":{"start":{"line":112,"column":6},"end":{"line":112,"column":73}},"55":{"start":{"line":115,"column":4},"end":{"line":115,"column":33}},"56":{"start":{"line":118,"column":23},"end":{"line":136,"column":35}},"57":{"start":{"line":119,"column":27},"end":{"line":119,"column":45}},"58":{"start":{"line":120,"column":4},"end":{"line":120,"column":29}},"59":{"start":{"line":121,"column":4},"end":{"line":121,"column":25}},"60":{"start":{"line":124,"column":4},"end":{"line":126,"column":7}},"61":{"start":{"line":125,"column":6},"end":{"line":125,"column":69}},"62":{"start":{"line":129,"column":4},"end":{"line":135,"column":5}},"63":{"start":{"line":130,"column":21},"end":{"line":130,"column":94}},"64":{"start":{"line":131,"column":6},"end":{"line":133,"column":7}},"65":{"start":{"line":132,"column":8},"end":{"line":132,"column":48}},"66":{"start":{"line":134,"column":6},"end":{"line":134,"column":76}},"67":{"start":{"line":138,"column":24},"end":{"line":157,"column":35}},"68":{"start":{"line":139,"column":27},"end":{"line":139,"column":45}},"69":{"start":{"line":140,"column":4},"end":{"line":140,"column":30}},"70":{"start":{"line":143,"column":4},"end":{"line":145,"column":7}},"71":{"start":{"line":144,"column":6},"end":{"line":144,"column":70}},"72":{"start":{"line":148,"column":4},"end":{"line":154,"column":5}},"73":{"start":{"line":149,"column":21},"end":{"line":149,"column":94}},"74":{"start":{"line":150,"column":6},"end":{"line":152,"column":7}},"75":{"start":{"line":151,"column":8},"end":{"line":151,"column":49}},"76":{"start":{"line":153,"column":6},"end":{"line":153,"column":77}},"77":{"start":{"line":156,"column":4},"end":{"line":156,"column":46}},"78":{"start":{"line":159,"column":22},"end":{"line":187,"column":35}},"79":{"start":{"line":160,"column":25},"end":{"line":160,"column":43}},"80":{"start":{"line":161,"column":29},"end":{"line":161,"column":49}},"81":{"start":{"line":163,"column":4},"end":{"line":163,"column":25}},"82":{"start":{"line":166,"column":4},"end":{"line":173,"column":5}},"83":{"start":{"line":167,"column":21},"end":{"line":167,"column":91}},"84":{"start":{"line":168,"column":6},"end":{"line":170,"column":7}},"85":{"start":{"line":169,"column":8},"end":{"line":169,"column":63}},"86":{"start":{"line":171,"column":6},"end":{"line":171,"column":71}},"87":{"start":{"line":172,"column":6},"end":{"line":172,"column":78}},"88":{"start":{"line":176,"column":4},"end":{"line":176,"column":27}},"89":{"start":{"line":177,"column":4},"end":{"line":177,"column":25}},"90":{"start":{"line":178,"column":4},"end":{"line":178,"column":23}},"91":{"start":{"line":179,"column":4},"end":{"line":179,"column":23}},"92":{"start":{"line":180,"column":4},"end":{"line":180,"column":32}},"93":{"start":{"line":181,"column":4},"end":{"line":181,"column":27}},"94":{"start":{"line":184,"column":4},"end":{"line":186,"column":7}},"95":{"start":{"line":185,"column":6},"end":{"line":185,"column":58}},"96":{"start":{"line":192,"column":33},"end":{"line":227,"column":71}},"97":{"start":{"line":193,"column":4},"end":{"line":193,"column":34}},"98":{"start":{"line":193,"column":27},"end":{"line":193,"column":34}},"99":{"start":{"line":195,"column":20},"end":{"line":195,"column":63}},"100":{"start":{"line":196,"column":21},"end":{"line":196,"column":57}},"101":{"start":{"line":199,"column":4},"end":{"line":199,"column":43}},"102":{"start":{"line":200,"column":4},"end":{"line":200,"column":38}},"103":{"start":{"line":201,"column":4},"end":{"line":201,"column":47}},"104":{"start":{"line":202,"column":4},"end":{"line":202,"column":31}},"105":{"start":{"line":203,"column":4},"end":{"line":203,"column":33}},"106":{"start":{"line":204,"column":4},"end":{"line":204,"column":52}},"107":{"start":{"line":207,"column":4},"end":{"line":209,"column":7}},"108":{"start":{"line":208,"column":6},"end":{"line":208,"column":82}},"109":{"start":{"line":212,"column":4},"end":{"line":214,"column":7}},"110":{"start":{"line":213,"column":6},"end":{"line":213,"column":61}},"111":{"start":{"line":217,"column":4},"end":{"line":217,"column":88}},"112":{"start":{"line":220,"column":4},"end":{"line":222,"column":5}},"113":{"start":{"line":221,"column":6},"end":{"line":221,"column":41}},"114":{"start":{"line":225,"column":4},"end":{"line":225,"column":27}},"115":{"start":{"line":226,"column":4},"end":{"line":226,"column":30}},"116":{"start":{"line":232,"column":26},"end":{"line":242,"column":24}},"117":{"start":{"line":233,"column":4},"end":{"line":239,"column":5}},"118":{"start":{"line":234,"column":6},"end":{"line":238,"column":8}},"119":{"start":{"line":240,"column":4},"end":{"line":240,"column":27}},"120":{"start":{"line":241,"column":4},"end":{"line":241,"column":30}},"121":{"start":{"line":247,"column":2},"end":{"line":270,"column":27}},"122":{"start":{"line":248,"column":34},"end":{"line":260,"column":5}},"123":{"start":{"line":250,"column":6},"end":{"line":252,"column":9}},"124":{"start":{"line":251,"column":8},"end":{"line":251,"column":66}},"125":{"start":{"line":255,"column":28},"end":{"line":255,"column":52}},"126":{"start":{"line":256,"column":6},"end":{"line":259,"column":7}},"127":{"start":{"line":257,"column":8},"end":{"line":257,"column":43}},"128":{"start":{"line":258,"column":8},"end":{"line":258,"column":30}},"129":{"start":{"line":262,"column":4},"end":{"line":262,"column":28}},"130":{"start":{"line":264,"column":4},"end":{"line":269,"column":6}},"131":{"start":{"line":265,"column":6},"end":{"line":265,"column":27}},"132":{"start":{"line":266,"column":6},"end":{"line":268,"column":9}},"133":{"start":{"line":267,"column":8},"end":{"line":267,"column":71}},"134":{"start":{"line":275,"column":2},"end":{"line":326,"column":87}},"135":{"start":{"line":276,"column":33},"end":{"line":319,"column":5}},"136":{"start":{"line":277,"column":24},"end":{"line":277,"column":43}},"137":{"start":{"line":280,"column":6},"end":{"line":303,"column":7}},"138":{"start":{"line":282,"column":8},"end":{"line":302,"column":9}},"139":{"start":{"line":284,"column":32},"end":{"line":284,"column":56}},"140":{"start":{"line":285,"column":10},"end":{"line":300,"column":11}},"141":{"start":{"line":286,"column":28},"end":{"line":286,"column":68}},"142":{"start":{"line":287,"column":12},"end":{"line":287,"column":41}},"143":{"start":{"line":288,"column":12},"end":{"line":288,"column":39}},"144":{"start":{"line":291,"column":12},"end":{"line":299,"column":13}},"145":{"start":{"line":292,"column":14},"end":{"line":292,"column":40}},"146":{"start":{"line":293,"column":14},"end":{"line":293,"column":49}},"147":{"start":{"line":296,"column":14},"end":{"line":298,"column":17}},"148":{"start":{"line":297,"column":16},"end":{"line":297,"column":85}},"149":{"start":{"line":301,"column":10},"end":{"line":301,"column":53}},"150":{"start":{"line":306,"column":6},"end":{"line":316,"column":7}},"151":{"start":{"line":307,"column":8},"end":{"line":315,"column":9}},"152":{"start":{"line":308,"column":10},"end":{"line":308,"column":52}},"153":{"start":{"line":310,"column":10},"end":{"line":312,"column":11}},"154":{"start":{"line":311,"column":12},"end":{"line":311,"column":90}},"155":{"start":{"line":314,"column":10},"end":{"line":314,"column":31}},"156":{"start":{"line":318,"column":6},"end":{"line":318,"column":41}},"157":{"start":{"line":321,"column":25},"end":{"line":321,"column":82}},"158":{"start":{"line":323,"column":4},"end":{"line":325,"column":6}},"159":{"start":{"line":324,"column":6},"end":{"line":324,"column":28}},"160":{"start":{"line":328,"column":2},"end":{"line":343,"column":4}}},"fnMap":{"0":{"name":"useTimer","decl":{"start":{"line":27,"column":16},"end":{"line":27,"column":24}},"loc":{"start":{"line":27,"column":54},"end":{"line":344,"column":1}}},"1":{"name":"(anonymous_10)","decl":{"start":{"line":42,"column":41},"end":{"line":42,"column":44}},"loc":{"start":{"line":42,"column":46},"end":{"line":47,"column":3}}},"2":{"name":"(anonymous_11)","decl":{"start":{"line":52,"column":48},"end":{"line":52,"column":49}},"loc":{"start":{"line":52,"column":77},"end":{"line":66,"column":3}}},"3":{"name":"(anonymous_12)","decl":{"start":{"line":71,"column":41},"end":{"line":71,"column":42}},"loc":{"start":{"line":71,"column":88},"end":{"line":87,"column":3}}},"4":{"name":"(anonymous_13)","decl":{"start":{"line":77,"column":38},"end":{"line":77,"column":41}},"loc":{"start":{"line":77,"column":43},"end":{"line":86,"column":5}}},"5":{"name":"(anonymous_14)","decl":{"start":{"line":83,"column":56},"end":{"line":83,"column":57}},"loc":{"start":{"line":83,"column":66},"end":{"line":85,"column":7}}},"6":{"name":"(anonymous_15)","decl":{"start":{"line":89,"column":35},"end":{"line":89,"column":40}},"loc":{"start":{"line":89,"column":59},"end":{"line":116,"column":3}}},"7":{"name":"(anonymous_16)","decl":{"start":{"line":106,"column":75},"end":{"line":106,"column":76}},"loc":{"start":{"line":106,"column":85},"end":{"line":108,"column":5}}},"8":{"name":"(anonymous_17)","decl":{"start":{"line":112,"column":63},"end":{"line":112,"column":66}},"loc":{"start":{"line":112,"column":68},"end":{"line":112,"column":71}}},"9":{"name":"(anonymous_18)","decl":{"start":{"line":118,"column":35},"end":{"line":118,"column":40}},"loc":{"start":{"line":118,"column":46},"end":{"line":136,"column":3}}},"10":{"name":"(anonymous_19)","decl":{"start":{"line":124,"column":60},"end":{"line":124,"column":61}},"loc":{"start":{"line":124,"column":70},"end":{"line":126,"column":5}}},"11":{"name":"(anonymous_20)","decl":{"start":{"line":138,"column":36},"end":{"line":138,"column":41}},"loc":{"start":{"line":138,"column":47},"end":{"line":157,"column":3}}},"12":{"name":"(anonymous_21)","decl":{"start":{"line":143,"column":61},"end":{"line":143,"column":62}},"loc":{"start":{"line":143,"column":71},"end":{"line":145,"column":5}}},"13":{"name":"(anonymous_22)","decl":{"start":{"line":159,"column":34},"end":{"line":159,"column":39}},"loc":{"start":{"line":159,"column":45},"end":{"line":187,"column":3}}},"14":{"name":"(anonymous_23)","decl":{"start":{"line":184,"column":37},"end":{"line":184,"column":38}},"loc":{"start":{"line":184,"column":47},"end":{"line":186,"column":5}}},"15":{"name":"(anonymous_24)","decl":{"start":{"line":192,"column":45},"end":{"line":192,"column":50}},"loc":{"start":{"line":192,"column":56},"end":{"line":227,"column":3}}},"16":{"name":"(anonymous_25)","decl":{"start":{"line":207,"column":82},"end":{"line":207,"column":83}},"loc":{"start":{"line":207,"column":92},"end":{"line":209,"column":5}}},"17":{"name":"(anonymous_26)","decl":{"start":{"line":212,"column":57},"end":{"line":212,"column":58}},"loc":{"start":{"line":212,"column":67},"end":{"line":214,"column":5}}},"18":{"name":"(anonymous_27)","decl":{"start":{"line":232,"column":38},"end":{"line":232,"column":43}},"loc":{"start":{"line":232,"column":49},"end":{"line":242,"column":3}}},"19":{"name":"(anonymous_28)","decl":{"start":{"line":247,"column":12},"end":{"line":247,"column":15}},"loc":{"start":{"line":247,"column":17},"end":{"line":270,"column":3}}},"20":{"name":"(anonymous_29)","decl":{"start":{"line":248,"column":34},"end":{"line":248,"column":39}},"loc":{"start":{"line":248,"column":45},"end":{"line":260,"column":5}}},"21":{"name":"(anonymous_30)","decl":{"start":{"line":250,"column":50},"end":{"line":250,"column":51}},"loc":{"start":{"line":250,"column":60},"end":{"line":252,"column":7}}},"22":{"name":"(anonymous_31)","decl":{"start":{"line":264,"column":11},"end":{"line":264,"column":14}},"loc":{"start":{"line":264,"column":16},"end":{"line":269,"column":5}}},"23":{"name":"(anonymous_32)","decl":{"start":{"line":266,"column":39},"end":{"line":266,"column":40}},"loc":{"start":{"line":266,"column":49},"end":{"line":268,"column":7}}},"24":{"name":"(anonymous_33)","decl":{"start":{"line":275,"column":12},"end":{"line":275,"column":15}},"loc":{"start":{"line":275,"column":17},"end":{"line":326,"column":3}}},"25":{"name":"(anonymous_34)","decl":{"start":{"line":276,"column":33},"end":{"line":276,"column":38}},"loc":{"start":{"line":276,"column":72},"end":{"line":319,"column":5}}},"26":{"name":"(anonymous_35)","decl":{"start":{"line":296,"column":64},"end":{"line":296,"column":65}},"loc":{"start":{"line":296,"column":74},"end":{"line":298,"column":15}}},"27":{"name":"(anonymous_36)","decl":{"start":{"line":323,"column":11},"end":{"line":323,"column":14}},"loc":{"start":{"line":323,"column":16},"end":{"line":325,"column":5}}}},"branchMap":{"0":{"loc":{"start":{"line":27,"column":25},"end":{"line":27,"column":54}},"type":"default-arg","locations":[{"start":{"line":27,"column":52},"end":{"line":27,"column":54}}]},"1":{"loc":{"start":{"line":43,"column":4},"end":{"line":46,"column":5}},"type":"if","locations":[{"start":{"line":43,"column":4},"end":{"line":46,"column":5}},{"start":{},"end":{}}]},"2":{"loc":{"start":{"line":53,"column":27},"end":{"line":53,"column":56}},"type":"binary-expr","locations":[{"start":{"line":53,"column":27},"end":{"line":53,"column":51}},{"start":{"line":53,"column":55},"end":{"line":53,"column":56}}]},"3":{"loc":{"start":{"line":55,"column":4},"end":{"line":58,"column":5}},"type":"if","locations":[{"start":{"line":55,"column":4},"end":{"line":58,"column":5}},{"start":{},"end":{}}]},"4":{"loc":{"start":{"line":74,"column":4},"end":{"line":74,"column":25}},"type":"if","locations":[{"start":{"line":74,"column":4},"end":{"line":74,"column":25}},{"start":{},"end":{}}]},"5":{"loc":{"start":{"line":96,"column":40},"end":{"line":96,"column":64}},"type":"binary-expr","locations":[{"start":{"line":96,"column":40},"end":{"line":96,"column":45}},{"start":{"line":96,"column":49},"end":{"line":96,"column":64}}]},"6":{"loc":{"start":{"line":97,"column":4},"end":{"line":102,"column":5}},"type":"if","locations":[{"start":{"line":97,"column":4},"end":{"line":102,"column":5}},{"start":{"line":100,"column":11},"end":{"line":102,"column":5}}]},"7":{"loc":{"start":{"line":105,"column":23},"end":{"line":105,"column":59}},"type":"binary-expr","locations":[{"start":{"line":105,"column":23},"end":{"line":105,"column":34}},{"start":{"line":105,"column":38},"end":{"line":105,"column":59}}]},"8":{"loc":{"start":{"line":106,"column":43},"end":{"line":106,"column":67}},"type":"binary-expr","locations":[{"start":{"line":106,"column":43},"end":{"line":106,"column":48}},{"start":{"line":106,"column":52},"end":{"line":106,"column":67}}]},"9":{"loc":{"start":{"line":111,"column":4},"end":{"line":113,"column":5}},"type":"if","locations":[{"start":{"line":111,"column":4},"end":{"line":113,"column":5}},{"start":{},"end":{}}]},"10":{"loc":{"start":{"line":129,"column":4},"end":{"line":135,"column":5}},"type":"if","locations":[{"start":{"line":129,"column":4},"end":{"line":135,"column":5}},{"start":{},"end":{}}]},"11":{"loc":{"start":{"line":131,"column":6},"end":{"line":133,"column":7}},"type":"if","locations":[{"start":{"line":131,"column":6},"end":{"line":133,"column":7}},{"start":{},"end":{}}]},"12":{"loc":{"start":{"line":148,"column":4},"end":{"line":154,"column":5}},"type":"if","locations":[{"start":{"line":148,"column":4},"end":{"line":154,"column":5}},{"start":{},"end":{}}]},"13":{"loc":{"start":{"line":150,"column":6},"end":{"line":152,"column":7}},"type":"if","locations":[{"start":{"line":150,"column":6},"end":{"line":152,"column":7}},{"start":{},"end":{}}]},"14":{"loc":{"start":{"line":166,"column":4},"end":{"line":173,"column":5}},"type":"if","locations":[{"start":{"line":166,"column":4},"end":{"line":173,"column":5}},{"start":{},"end":{}}]},"15":{"loc":{"start":{"line":168,"column":6},"end":{"line":170,"column":7}},"type":"if","locations":[{"start":{"line":168,"column":6},"end":{"line":170,"column":7}},{"start":{},"end":{}}]},"16":{"loc":{"start":{"line":193,"column":4},"end":{"line":193,"column":34}},"type":"if","locations":[{"start":{"line":193,"column":4},"end":{"line":193,"column":34}},{"start":{},"end":{}}]},"17":{"loc":{"start":{"line":204,"column":19},"end":{"line":204,"column":50}},"type":"cond-expr","locations":[{"start":{"line":204,"column":30},"end":{"line":204,"column":38}},{"start":{"line":204,"column":41},"end":{"line":204,"column":50}}]},"18":{"loc":{"start":{"line":220,"column":4},"end":{"line":222,"column":5}},"type":"if","locations":[{"start":{"line":220,"column":4},"end":{"line":222,"column":5}},{"start":{},"end":{}}]},"19":{"loc":{"start":{"line":233,"column":4},"end":{"line":239,"column":5}},"type":"if","locations":[{"start":{"line":233,"column":4},"end":{"line":239,"column":5}},{"start":{},"end":{}}]},"20":{"loc":{"start":{"line":237,"column":8},"end":{"line":237,"column":46}},"type":"binary-expr","locations":[{"start":{"line":237,"column":8},"end":{"line":237,"column":41}},{"start":{"line":237,"column":45},"end":{"line":237,"column":46}}]},"21":{"loc":{"start":{"line":256,"column":6},"end":{"line":259,"column":7}},"type":"if","locations":[{"start":{"line":256,"column":6},"end":{"line":259,"column":7}},{"start":{},"end":{}}]},"22":{"loc":{"start":{"line":280,"column":6},"end":{"line":303,"column":7}},"type":"if","locations":[{"start":{"line":280,"column":6},"end":{"line":303,"column":7}},{"start":{},"end":{}}]},"23":{"loc":{"start":{"line":280,"column":10},"end":{"line":280,"column":77}},"type":"binary-expr","locations":[{"start":{"line":280,"column":10},"end":{"line":280,"column":48}},{"start":{"line":280,"column":52},"end":{"line":280,"column":77}}]},"24":{"loc":{"start":{"line":282,"column":8},"end":{"line":302,"column":9}},"type":"if","locations":[{"start":{"line":282,"column":8},"end":{"line":302,"column":9}},{"start":{},"end":{}}]},"25":{"loc":{"start":{"line":282,"column":12},"end":{"line":282,"column":101}},"type":"binary-expr","locations":[{"start":{"line":282,"column":12},"end":{"line":282,"column":32}},{"start":{"line":282,"column":37},"end":{"line":282,"column":62}},{"start":{"line":282,"column":66},"end":{"line":282,"column":100}}]},"26":{"loc":{"start":{"line":285,"column":10},"end":{"line":300,"column":11}},"type":"if","locations":[{"start":{"line":285,"column":10},"end":{"line":300,"column":11}},{"start":{},"end":{}}]},"27":{"loc":{"start":{"line":285,"column":14},"end":{"line":285,"column":72}},"type":"binary-expr","locations":[{"start":{"line":285,"column":14},"end":{"line":285,"column":27}},{"start":{"line":285,"column":31},"end":{"line":285,"column":72}}]},"28":{"loc":{"start":{"line":291,"column":12},"end":{"line":299,"column":13}},"type":"if","locations":[{"start":{"line":291,"column":12},"end":{"line":299,"column":13}},{"start":{},"end":{}}]},"29":{"loc":{"start":{"line":291,"column":16},"end":{"line":291,"column":79}},"type":"binary-expr","locations":[{"start":{"line":291,"column":16},"end":{"line":291,"column":50}},{"start":{"line":291,"column":54},"end":{"line":291,"column":79}}]},"30":{"loc":{"start":{"line":306,"column":6},"end":{"line":316,"column":7}},"type":"if","locations":[{"start":{"line":306,"column":6},"end":{"line":316,"column":7}},{"start":{},"end":{}}]},"31":{"loc":{"start":{"line":306,"column":10},"end":{"line":306,"column":77}},"type":"binary-expr","locations":[{"start":{"line":306,"column":10},"end":{"line":306,"column":51}},{"start":{"line":306,"column":55},"end":{"line":306,"column":77}}]},"32":{"loc":{"start":{"line":307,"column":8},"end":{"line":315,"column":9}},"type":"if","locations":[{"start":{"line":307,"column":8},"end":{"line":315,"column":9}},{"start":{},"end":{}}]},"33":{"loc":{"start":{"line":310,"column":10},"end":{"line":312,"column":11}},"type":"if","locations":[{"start":{"line":310,"column":10},"end":{"line":312,"column":11}},{"start":{},"end":{}}]}},"s":{"0":0,"1":0,"2":0,"3":0,"4":0,"5":0,"6":0,"7":0,"8":0,"9":0,"10":0,"11":0,"12":0,"13":0,"14":0,"15":0,"16":0,"17":0,"18":0,"19":0,"20":0,"21":0,"22":0,"23":0,"24":0,"25":0,"26":0,"27":0,"28":0,"29":0,"30":0,"31":0,"32":0,"33":0,"34":0,"35":0,"36":0,"37":0,"38":0,"39":0,"40":0,"41":0,"42":0,"43":0,"44":0,"45":0,"46":0,"47":0,"48":0,"49":0,"50":0,"51":0,"52":0,"53":0,"54":0,"55":0,"56":0,"57":0,"58":0,"59":0,"60":0,"61":0,"62":0,"63":0,"64":0,"65":0,"66":0,"67":0,"68":0,"69":0,"70":0,"71":0,"72":0,"73":0,"74":0,"75":0,"76":0,"77":0,"78":0,"79":0,"80":0,"81":0,"82":0,"83":0,"84":0,"85":0,"86":0,"87":0,"88":0,"89":0,"90":0,"91":0,"92":0,"93":0,"94":0,"95":0,"96":0,"97":0,"98":0,"99":0,"100":0,"101":0,"102":0,"103":0,"104":0,"105":0,"106":0,"107":0,"108":0,"109":0,"110":0,"111":0,"112":0,"113":0,"114":0,"115":0,"116":0,"117":0,"118":0,"119":0,"120":0,"121":0,"122":0,"123":0,"124":0,"125":0,"126":0,"127":0,"128":0,"129":0,"130":0,"131":0,"132":0,"133":0,"134":0,"135":0,"136":0,"137":0,"138":0,"139":0,"140":0,"141":0,"142":0,"143":0,"144":0,"145":0,"146":0,"147":0,"148":0,"149":0,"150":0,"151":0,"152":0,"153":0,"154":0,"155":0,"156":0,"157":0,"158":0,"159":0,"160":0},"f":{"0":0,"1":0,"2":0,"3":0,"4":0,"5":0,"6":0,"7":0,"8":0,"9":0,"10":0,"11":0,"12":0,"13":0,"14":0,"15":0,"16":0,"17":0,"18":0,"19":0,"20":0,"21":0,"22":0,"23":0,"24":0,"25":0,"26":0,"27":0},"b":{"0":[0],"1":[0,0],"2":[0,0],"3":[0,0],"4":[0,0],"5":[0,0],"6":[0,0],"7":[0,0],"8":[0,0],"9":[0,0],"10":[0,0],"11":[0,0],"12":[0,0],"13":[0,0],"14":[0,0],"15":[0,0],"16":[0,0],"17":[0,0],"18":[0,0],"19":[0,0],"20":[0,0],"21":[0,0],"22":[0,0],"23":[0,0],"24":[0,0],"25":[0,0,0],"26":[0,0],"27":[0,0],"28":[0,0],"29":[0,0],"30":[0,0],"31":[0,0],"32":[0,0],"33":[0,0]}}
,"/Users/kanoa/code/timer/src/lib/deviceId.ts": {"path":"/Users/kanoa/code/timer/src/lib/deviceId.ts","statementMap":{"0":{"start":{"line":21,"column":0},"end":{"line":21,"column":7}},"1":{"start":{"line":53,"column":0},"end":{"line":53,"column":7}},"2":{"start":{"line":1,"column":0},"end":{"line":1,"column":69}},"3":{"start":{"line":3,"column":22},"end":{"line":3,"column":46}},"4":{"start":{"line":6,"column":36},"end":{"line":6,"column":40}},"5":{"start":{"line":12,"column":20},"end":{"line":12,"column":43}},"6":{"start":{"line":13,"column":21},"end":{"line":13,"column":64}},"7":{"start":{"line":14,"column":2},"end":{"line":14,"column":45}},"8":{"start":{"line":23,"column":2},"end":{"line":25,"column":3}},"9":{"start":{"line":24,"column":4},"end":{"line":24,"column":26}},"10":{"start":{"line":27,"column":2},"end":{"line":47,"column":3}},"11":{"start":{"line":29,"column":21},"end":{"line":29,"column":62}},"12":{"start":{"line":30,"column":4},"end":{"line":33,"column":5}},"13":{"start":{"line":31,"column":6},"end":{"line":31,"column":32}},"14":{"start":{"line":32,"column":6},"end":{"line":32,"column":22}},"15":{"start":{"line":36,"column":18},"end":{"line":36,"column":36}},"16":{"start":{"line":37,"column":4},"end":{"line":37,"column":53}},"17":{"start":{"line":38,"column":4},"end":{"line":38,"column":27}},"18":{"start":{"line":39,"column":4},"end":{"line":39,"column":17}},"19":{"start":{"line":42,"column":4},"end":{"line":42,"column":56}},"20":{"start":{"line":43,"column":4},"end":{"line":45,"column":5}},"21":{"start":{"line":44,"column":6},"end":{"line":44,"column":42}},"22":{"start":{"line":46,"column":4},"end":{"line":46,"column":26}},"23":{"start":{"line":54,"column":2},"end":{"line":54,"column":24}},"24":{"start":{"line":55,"column":2},"end":{"line":59,"column":3}},"25":{"start":{"line":56,"column":4},"end":{"line":56,"column":49}},"26":{"start":{"line":58,"column":4},"end":{"line":58,"column":54}}},"fnMap":{"0":{"name":"generateDeviceId","decl":{"start":{"line":11,"column":9},"end":{"line":11,"column":25}},"loc":{"start":{"line":11,"column":25},"end":{"line":15,"column":1}}},"1":{"name":"getDeviceId","decl":{"start":{"line":21,"column":22},"end":{"line":21,"column":33}},"loc":{"start":{"line":21,"column":33},"end":{"line":48,"column":1}}},"2":{"name":"clearDeviceId","decl":{"start":{"line":53,"column":22},"end":{"line":53,"column":35}},"loc":{"start":{"line":53,"column":35},"end":{"line":60,"column":1}}}},"branchMap":{"0":{"loc":{"start":{"line":23,"column":2},"end":{"line":25,"column":3}},"type":"if","locations":[{"start":{"line":23,"column":2},"end":{"line":25,"column":3}},{"start":{},"end":{}}]},"1":{"loc":{"start":{"line":30,"column":4},"end":{"line":33,"column":5}},"type":"if","locations":[{"start":{"line":30,"column":4},"end":{"line":33,"column":5}},{"start":{},"end":{}}]},"2":{"loc":{"start":{"line":43,"column":4},"end":{"line":45,"column":5}},"type":"if","locations":[{"start":{"line":43,"column":4},"end":{"line":45,"column":5}},{"start":{},"end":{}}]}},"s":{"0":1,"1":1,"2":1,"3":1,"4":1,"5":6,"6":6,"7":6,"8":8,"9":1,"10":7,"11":7,"12":7,"13":1,"14":1,"15":6,"16":6,"17":6,"18":6,"19":0,"20":0,"21":0,"22":0,"23":8,"24":8,"25":8,"26":0},"f":{"0":6,"1":8,"2":8},"b":{"0":[1,7],"1":[1,6],"2":[0,0]}}
,"/Users/kanoa/code/timer/src/lib/supabase.ts": {"path":"/Users/kanoa/code/timer/src/lib/supabase.ts","statementMap":{"0":{"start":{"line":1,"column":0},"end":{"line":1,"column":53}},"1":{"start":{"line":4,"column":20},"end":{"line":4,"column":56}},"2":{"start":{"line":5,"column":24},"end":{"line":5,"column":65}},"3":{"start":{"line":7,"column":0},"end":{"line":11,"column":1}},"4":{"start":{"line":8,"column":2},"end":{"line":10,"column":4}},"5":{"start":{"line":13,"column":13},"end":{"line":13,"column":77}}},"fnMap":{},"branchMap":{"0":{"loc":{"start":{"line":7,"column":0},"end":{"line":11,"column":1}},"type":"if","locations":[{"start":{"line":7,"column":0},"end":{"line":11,"column":1}},{"start":{},"end":{}}]},"1":{"loc":{"start":{"line":7,"column":4},"end":{"line":7,"column":36}},"type":"binary-expr","locations":[{"start":{"line":7,"column":4},"end":{"line":7,"column":16}},{"start":{"line":7,"column":20},"end":{"line":7,"column":36}}]}},"s":{"0":0,"1":0,"2":0,"3":0,"4":0,"5":0},"f":{},"b":{"0":[0,0],"1":[0,0]}}
,"/Users/kanoa/code/timer/src/screens/TimerScreen.tsx": {"path":"/Users/kanoa/code/timer/src/screens/TimerScreen.tsx","statementMap":{"0":{"start":{"line":10,"column":0},"end":{"line":10,"column":16}},"1":{"start":{"line":1,"column":0},"end":{"line":1,"column":43}},"2":{"start":{"line":2,"column":0},"end":{"line":2,"column":48}},"3":{"start":{"line":3,"column":0},"end":{"line":3,"column":45}},"4":{"start":{"line":4,"column":0},"end":{"line":4,"column":52}},"5":{"start":{"line":5,"column":0},"end":{"line":5,"column":64}},"6":{"start":{"line":6,"column":0},"end":{"line":6,"column":64}},"7":{"start":{"line":7,"column":0},"end":{"line":7,"column":66}},"8":{"start":{"line":8,"column":0},"end":{"line":8,"column":66}},"9":{"start":{"line":11,"column":24},"end":{"line":11,"column":34}},"10":{"start":{"line":13,"column":22},"end":{"line":15,"column":17}},"11":{"start":{"line":14,"column":4},"end":{"line":14,"column":32}},"12":{"start":{"line":30,"column":6},"end":{"line":30,"column":40}},"13":{"start":{"line":32,"column":22},"end":{"line":35,"column":3}},"14":{"start":{"line":33,"column":18},"end":{"line":33,"column":58}},"15":{"start":{"line":34,"column":4},"end":{"line":34,"column":24}},"16":{"start":{"line":37,"column":2},"end":{"line":62,"column":4}},"17":{"start":{"line":65,"column":15},"end":{"line":75,"column":2}}},"fnMap":{"0":{"name":"TimerScreen","decl":{"start":{"line":10,"column":16},"end":{"line":10,"column":27}},"loc":{"start":{"line":10,"column":27},"end":{"line":63,"column":1}}},"1":{"name":"(anonymous_10)","decl":{"start":{"line":13,"column":34},"end":{"line":13,"column":35}},"loc":{"start":{"line":13,"column":54},"end":{"line":15,"column":3}}},"2":{"name":"(anonymous_11)","decl":{"start":{"line":32,"column":22},"end":{"line":32,"column":25}},"loc":{"start":{"line":32,"column":27},"end":{"line":35,"column":3}}}},"branchMap":{"0":{"loc":{"start":{"line":33,"column":18},"end":{"line":33,"column":58}},"type":"binary-expr","locations":[{"start":{"line":33,"column":18},"end":{"line":33,"column":36}},{"start":{"line":33,"column":40},"end":{"line":33,"column":58}}]}},"s":{"0":0,"1":0,"2":0,"3":0,"4":0,"5":0,"6":0,"7":0,"8":0,"9":0,"10":0,"11":0,"12":0,"13":0,"14":0,"15":0,"16":0,"17":0},"f":{"0":0,"1":0,"2":0},"b":{"0":[0,0]}}
,"/Users/kanoa/code/timer/src/services/sessionService.ts": {"path":"/Users/kanoa/code/timer/src/services/sessionService.ts","statementMap":{"0":{"start":{"line":20,"column":0},"end":{"line":20,"column":7}},"1":{"start":{"line":55,"column":0},"end":{"line":55,"column":7}},"2":{"start":{"line":93,"column":0},"end":{"line":93,"column":7}},"3":{"start":{"line":120,"column":0},"end":{"line":120,"column":7}},"4":{"start":{"line":147,"column":0},"end":{"line":147,"column":7}},"5":{"start":{"line":199,"column":0},"end":{"line":199,"column":7}},"6":{"start":{"line":1,"column":0},"end":{"line":1,"column":43}},"7":{"start":{"line":2,"column":0},"end":{"line":2,"column":46}},"8":{"start":{"line":21,"column":2},"end":{"line":49,"column":3}},"9":{"start":{"line":22,"column":21},"end":{"line":22,"column":40}},"10":{"start":{"line":24,"column":39},"end":{"line":29,"column":6}},"11":{"start":{"line":31,"column":28},"end":{"line":35,"column":15}},"12":{"start":{"line":37,"column":4},"end":{"line":40,"column":5}},"13":{"start":{"line":38,"column":6},"end":{"line":38,"column":56}},"14":{"start":{"line":39,"column":6},"end":{"line":39,"column":18}},"15":{"start":{"line":43,"column":4},"end":{"line":43,"column":49}},"16":{"start":{"line":45,"column":4},"end":{"line":45,"column":16}},"17":{"start":{"line":47,"column":4},"end":{"line":47,"column":54}},"18":{"start":{"line":48,"column":4},"end":{"line":48,"column":16}},"19":{"start":{"line":60,"column":2},"end":{"line":87,"column":3}},"20":{"start":{"line":61,"column":38},"end":{"line":64,"column":6}},"21":{"start":{"line":67,"column":4},"end":{"line":69,"column":5}},"22":{"start":{"line":68,"column":6},"end":{"line":68,"column":53}},"23":{"start":{"line":71,"column":28},"end":{"line":76,"column":15}},"24":{"start":{"line":78,"column":4},"end":{"line":81,"column":5}},"25":{"start":{"line":79,"column":6},"end":{"line":79,"column":63}},"26":{"start":{"line":80,"column":6},"end":{"line":80,"column":18}},"27":{"start":{"line":83,"column":4},"end":{"line":83,"column":16}},"28":{"start":{"line":85,"column":4},"end":{"line":85,"column":61}},"29":{"start":{"line":86,"column":4},"end":{"line":86,"column":16}},"30":{"start":{"line":99,"column":2},"end":{"line":114,"column":3}},"31":{"start":{"line":100,"column":44},"end":{"line":105,"column":6}},"32":{"start":{"line":107,"column":22},"end":{"line":107,"column":78}},"33":{"start":{"line":109,"column":4},"end":{"line":111,"column":5}},"34":{"start":{"line":110,"column":6},"end":{"line":110,"column":59}},"35":{"start":{"line":113,"column":4},"end":{"line":113,"column":57}},"36":{"start":{"line":121,"column":2},"end":{"line":141,"column":3}},"37":{"start":{"line":122,"column":21},"end":{"line":122,"column":40}},"38":{"start":{"line":124,"column":28},"end":{"line":130,"column":19}},"39":{"start":{"line":132,"column":4},"end":{"line":135,"column":5}},"40":{"start":{"line":133,"column":6},"end":{"line":133,"column":61}},"41":{"start":{"line":134,"column":6},"end":{"line":134,"column":16}},"42":{"start":{"line":137,"column":4},"end":{"line":137,"column":22}},"43":{"start":{"line":139,"column":4},"end":{"line":139,"column":59}},"44":{"start":{"line":140,"column":4},"end":{"line":140,"column":14}},"45":{"start":{"line":152,"column":2},"end":{"line":193,"column":3}},"46":{"start":{"line":153,"column":21},"end":{"line":153,"column":40}},"47":{"start":{"line":156,"column":28},"end":{"line":160,"column":32}},"48":{"start":{"line":162,"column":4},"end":{"line":165,"column":5}},"49":{"start":{"line":163,"column":6},"end":{"line":163,"column":59}},"50":{"start":{"line":164,"column":6},"end":{"line":164,"column":68}},"51":{"start":{"line":167,"column":18},"end":{"line":167,"column":28}},"52":{"start":{"line":168,"column":4},"end":{"line":168,"column":31}},"53":{"start":{"line":170,"column":18},"end":{"line":186,"column":null}},"54":{"start":{"line":172,"column":25},"end":{"line":172,"column":54}},"55":{"start":{"line":173,"column":8},"end":{"line":173,"column":31}},"56":{"start":{"line":174,"column":8},"end":{"line":174,"column":37}},"57":{"start":{"line":177,"column":8},"end":{"line":182,"column":9}},"58":{"start":{"line":178,"column":26},"end":{"line":178,"column":52}},"59":{"start":{"line":179,"column":10},"end":{"line":181,"column":11}},"60":{"start":{"line":180,"column":12},"end":{"line":180,"column":41}},"61":{"start":{"line":184,"column":8},"end":{"line":184,"column":19}},"62":{"start":{"line":189,"column":4},"end":{"line":189,"column":17}},"63":{"start":{"line":191,"column":4},"end":{"line":191,"column":57}},"64":{"start":{"line":192,"column":4},"end":{"line":192,"column":66}},"65":{"start":{"line":200,"column":2},"end":{"line":225,"column":3}},"66":{"start":{"line":201,"column":21},"end":{"line":201,"column":40}},"67":{"start":{"line":203,"column":28},"end":{"line":210,"column":15}},"68":{"start":{"line":212,"column":4},"end":{"line":219,"column":5}},"69":{"start":{"line":214,"column":6},"end":{"line":216,"column":7}},"70":{"start":{"line":215,"column":8},"end":{"line":215,"column":20}},"71":{"start":{"line":217,"column":6},"end":{"line":217,"column":60}},"72":{"start":{"line":218,"column":6},"end":{"line":218,"column":18}},"73":{"start":{"line":221,"column":4},"end":{"line":221,"column":16}},"74":{"start":{"line":223,"column":4},"end":{"line":223,"column":58}},"75":{"start":{"line":224,"column":4},"end":{"line":224,"column":16}}},"fnMap":{"0":{"name":"createSession","decl":{"start":{"line":20,"column":22},"end":{"line":20,"column":35}},"loc":{"start":{"line":20,"column":49},"end":{"line":50,"column":1}}},"1":{"name":"updateSessionStatus","decl":{"start":{"line":55,"column":22},"end":{"line":55,"column":41}},"loc":{"start":{"line":58,"column":25},"end":{"line":88,"column":1}}},"2":{"name":"logSessionEvent","decl":{"start":{"line":93,"column":22},"end":{"line":93,"column":37}},"loc":{"start":{"line":97,"column":17},"end":{"line":115,"column":1}}},"3":{"name":"getSessionHistory","decl":{"start":{"line":120,"column":22},"end":{"line":120,"column":39}},"loc":{"start":{"line":120,"column":50},"end":{"line":142,"column":1}}},"4":{"name":"getSessionStats","decl":{"start":{"line":147,"column":22},"end":{"line":147,"column":37}},"loc":{"start":{"line":147,"column":37},"end":{"line":194,"column":1}}},"5":{"name":"(anonymous_5)","decl":{"start":{"line":171,"column":6},"end":{"line":171,"column":7}},"loc":{"start":{"line":171,"column":23},"end":{"line":185,"column":7}}},"6":{"name":"getActiveSession","decl":{"start":{"line":199,"column":22},"end":{"line":199,"column":38}},"loc":{"start":{"line":199,"column":38},"end":{"line":226,"column":1}}}},"branchMap":{"0":{"loc":{"start":{"line":37,"column":4},"end":{"line":40,"column":5}},"type":"if","locations":[{"start":{"line":37,"column":4},"end":{"line":40,"column":5}},{"start":{},"end":{}}]},"1":{"loc":{"start":{"line":67,"column":4},"end":{"line":69,"column":5}},"type":"if","locations":[{"start":{"line":67,"column":4},"end":{"line":69,"column":5}},{"start":{},"end":{}}]},"2":{"loc":{"start":{"line":67,"column":8},"end":{"line":67,"column":56}},"type":"binary-expr","locations":[{"start":{"line":67,"column":8},"end":{"line":67,"column":30}},{"start":{"line":67,"column":34},"end":{"line":67,"column":56}}]},"3":{"loc":{"start":{"line":78,"column":4},"end":{"line":81,"column":5}},"type":"if","locations":[{"start":{"line":78,"column":4},"end":{"line":81,"column":5}},{"start":{},"end":{}}]},"4":{"loc":{"start":{"line":109,"column":4},"end":{"line":111,"column":5}},"type":"if","locations":[{"start":{"line":109,"column":4},"end":{"line":111,"column":5}},{"start":{},"end":{}}]},"5":{"loc":{"start":{"line":120,"column":40},"end":{"line":120,"column":50}},"type":"default-arg","locations":[{"start":{"line":120,"column":48},"end":{"line":120,"column":50}}]},"6":{"loc":{"start":{"line":132,"column":4},"end":{"line":135,"column":5}},"type":"if","locations":[{"start":{"line":132,"column":4},"end":{"line":135,"column":5}},{"start":{},"end":{}}]},"7":{"loc":{"start":{"line":137,"column":11},"end":{"line":137,"column":21}},"type":"binary-expr","locations":[{"start":{"line":137,"column":11},"end":{"line":137,"column":15}},{"start":{"line":137,"column":19},"end":{"line":137,"column":21}}]},"8":{"loc":{"start":{"line":162,"column":4},"end":{"line":165,"column":5}},"type":"if","locations":[{"start":{"line":162,"column":4},"end":{"line":165,"column":5}},{"start":{},"end":{}}]},"9":{"loc":{"start":{"line":162,"column":8},"end":{"line":162,"column":22}},"type":"binary-expr","locations":[{"start":{"line":162,"column":8},"end":{"line":162,"column":13}},{"start":{"line":162,"column":17},"end":{"line":162,"column":22}}]},"10":{"loc":{"start":{"line":172,"column":25},"end":{"line":172,"column":54}},"type":"binary-expr","locations":[{"start":{"line":172,"column":25},"end":{"line":172,"column":49}},{"start":{"line":172,"column":53},"end":{"line":172,"column":54}}]},"11":{"loc":{"start":{"line":177,"column":8},"end":{"line":182,"column":9}},"type":"if","locations":[{"start":{"line":177,"column":8},"end":{"line":182,"column":9}},{"start":{},"end":{}}]},"12":{"loc":{"start":{"line":179,"column":10},"end":{"line":181,"column":11}},"type":"if","locations":[{"start":{"line":179,"column":10},"end":{"line":181,"column":11}},{"start":{},"end":{}}]},"13":{"loc":{"start":{"line":212,"column":4},"end":{"line":219,"column":5}},"type":"if","locations":[{"start":{"line":212,"column":4},"end":{"line":219,"column":5}},{"start":{},"end":{}}]},"14":{"loc":{"start":{"line":214,"column":6},"end":{"line":216,"column":7}},"type":"if","locations":[{"start":{"line":214,"column":6},"end":{"line":216,"column":7}},{"start":{},"end":{}}]}},"s":{"0":1,"1":1,"2":1,"3":1,"4":1,"5":1,"6":1,"7":1,"8":2,"9":2,"10":2,"11":2,"12":2,"13":1,"14":1,"15":1,"16":1,"17":0,"18":0,"19":3,"20":3,"21":3,"22":1,"23":3,"24":3,"25":1,"26":1,"27":2,"28":0,"29":0,"30":3,"31":3,"32":3,"33":3,"34":0,"35":0,"36":0,"37":0,"38":0,"39":0,"40":0,"41":0,"42":0,"43":0,"44":0,"45":0,"46":0,"47":0,"48":0,"49":0,"50":0,"51":0,"52":0,"53":0,"54":0,"55":0,"56":0,"57":0,"58":0,"59":0,"60":0,"61":0,"62":0,"63":0,"64":0,"65":3,"66":3,"67":3,"68":3,"69":2,"70":1,"71":1,"72":1,"73":1,"74":0,"75":0},"f":{"0":2,"1":3,"2":3,"3":0,"4":0,"5":0,"6":3},"b":{"0":[1,1],"1":[1,2],"2":[3,2],"3":[1,2],"4":[0,3],"5":[0],"6":[0,0],"7":[0,0],"8":[0,0],"9":[0,0],"10":[0,0],"11":[0,0],"12":[0,0],"13":[2,1],"14":[1,1]}}
,"/Users/kanoa/code/timer/src/utils/haptics.ts": {"path":"/Users/kanoa/code/timer/src/utils/haptics.ts","statementMap":{"0":{"start":{"line":6,"column":0},"end":{"line":6,"column":16}},"1":{"start":{"line":13,"column":0},"end":{"line":13,"column":16}},"2":{"start":{"line":20,"column":0},"end":{"line":20,"column":16}},"3":{"start":{"line":27,"column":0},"end":{"line":27,"column":16}},"4":{"start":{"line":34,"column":0},"end":{"line":34,"column":16}},"5":{"start":{"line":1,"column":0},"end":{"line":1,"column":40}},"6":{"start":{"line":7,"column":2},"end":{"line":7,"column":57}},"7":{"start":{"line":14,"column":2},"end":{"line":14,"column":58}},"8":{"start":{"line":21,"column":2},"end":{"line":21,"column":70}},"9":{"start":{"line":28,"column":2},"end":{"line":28,"column":70}},"10":{"start":{"line":35,"column":2},"end":{"line":35,"column":68}}},"fnMap":{"0":{"name":"buttonPress","decl":{"start":{"line":6,"column":16},"end":{"line":6,"column":27}},"loc":{"start":{"line":6,"column":27},"end":{"line":8,"column":1}}},"1":{"name":"impactMedium","decl":{"start":{"line":13,"column":16},"end":{"line":13,"column":28}},"loc":{"start":{"line":13,"column":28},"end":{"line":15,"column":1}}},"2":{"name":"success","decl":{"start":{"line":20,"column":16},"end":{"line":20,"column":23}},"loc":{"start":{"line":20,"column":23},"end":{"line":22,"column":1}}},"3":{"name":"warning","decl":{"start":{"line":27,"column":16},"end":{"line":27,"column":23}},"loc":{"start":{"line":27,"column":23},"end":{"line":29,"column":1}}},"4":{"name":"error","decl":{"start":{"line":34,"column":16},"end":{"line":34,"column":21}},"loc":{"start":{"line":34,"column":21},"end":{"line":36,"column":1}}}},"branchMap":{},"s":{"0":1,"1":1,"2":1,"3":1,"4":1,"5":1,"6":1,"7":1,"8":1,"9":1,"10":1},"f":{"0":1,"1":1,"2":1,"3":1,"4":1},"b":{}}
,"/Users/kanoa/code/timer/src/utils/time.ts": {"path":"/Users/kanoa/code/timer/src/utils/time.ts","statementMap":{"0":{"start":{"line":1,"column":0},"end":{"line":1,"column":16}},"1":{"start":{"line":2,"column":16},"end":{"line":2,"column":47}},"2":{"start":{"line":3,"column":18},"end":{"line":3,"column":56}},"3":{"start":{"line":4,"column":18},"end":{"line":4,"column":35}},"4":{"start":{"line":5,"column":2},"end":{"line":5,"column":126}}},"fnMap":{"0":{"name":"formatElapsedTime","decl":{"start":{"line":1,"column":16},"end":{"line":1,"column":33}},"loc":{"start":{"line":1,"column":54},"end":{"line":6,"column":1}}}},"branchMap":{},"s":{"0":1,"1":14,"2":14,"3":14,"4":14},"f":{"0":14},"b":{}}
}
