TN:
SF:src/components/Timer/RecoveryModal.tsx
FN:20,RecoveryModal
FN:40,(anonymous_2)
FNF:2
FNH:0
FNDA:0,RecoveryModal
FNDA:0,(anonymous_2)
DA:1,0
DA:2,0
DA:11,0
DA:20,0
DA:26,0
DA:28,0
DA:29,0
DA:31,0
DA:40,0
DA:85,0
LF:10
LH:0
BRDA:26,0,0,0
BRDA:26,0,1,0
BRDA:28,1,0,0
BRDA:28,1,1,0
BRDA:57,2,0,0
BRDA:57,2,1,0
BRF:6
BRH:0
end_of_record
TN:
SF:src/components/Timer/SessionInput.tsx
FN:10,SessionInput
FNF:1
FNH:0
FNDA:0,SessionInput
DA:1,0
DA:2,0
DA:10,0
DA:11,0
DA:27,0
LF:5
LH:0
BRDA:15,0,0,0
BRDA:15,0,1,0
BRF:2
BRH:0
end_of_record
TN:
SF:src/components/Timer/TimerControls.tsx
FN:22,CircleButton
FN:29,(anonymous_11)
FN:56,TimerControls
FNF:3
FNH:0
FNDA:0,CircleButton
FNDA:0,(anonymous_11)
FNDA:0,TimerControls
DA:1,0
DA:2,0
DA:4,0
DA:29,0
DA:30,0
DA:32,0
DA:33,0
DA:35,0
DA:36,0
DA:38,0
DA:40,0
DA:43,0
DA:56,0
DA:63,0
DA:64,0
DA:76,0
DA:77,0
DA:96,0
DA:114,0
DA:116,0
LF:20
LH:0
BRDA:26,0,0,0
BRDA:27,1,0,0
BRDA:30,2,0,0
BRDA:30,2,1,0
BRDA:30,2,2,0
BRDA:63,3,0,0
BRDA:63,3,1,0
BRDA:76,4,0,0
BRDA:76,4,1,0
BRF:9
BRH:0
end_of_record
TN:
SF:src/components/Timer/TimerDisplay.tsx
FN:9,TimerDisplay
FNF:1
FNH:0
FNDA:0,TimerDisplay
DA:1,0
DA:2,0
DA:3,0
DA:9,0
DA:10,0
DA:17,0
LF:6
LH:0
BRF:0
BRH:0
end_of_record
TN:
SF:src/contexts/ToastContext.tsx
FN:26,ToastProvider
FN:31,(anonymous_10)
FN:48,(anonymous_11)
FN:53,(anonymous_12)
FN:59,(anonymous_13)
FN:71,(anonymous_14)
FN:108,useToast
FNF:7
FNH:0
FNDA:0,ToastProvider
FNDA:0,(anonymous_10)
FNDA:0,(anonymous_11)
FNDA:0,(anonymous_12)
FNDA:0,(anonymous_13)
FNDA:0,(anonymous_14)
FNDA:0,useToast
DA:1,0
DA:2,0
DA:22,0
DA:24,0
DA:26,0
DA:27,0
DA:28,0
DA:29,0
DA:31,0
DA:33,0
DA:34,0
DA:37,0
DA:38,0
DA:41,0
DA:48,0
DA:49,0
DA:54,0
DA:59,0
DA:60,0
DA:62,0
DA:64,0
DA:67,0
DA:71,0
DA:72,0
DA:74,0
DA:76,0
DA:79,0
DA:83,0
DA:108,0
DA:109,0
DA:110,0
DA:111,0
DA:113,0
DA:116,0
LF:34
LH:0
BRDA:31,0,0,0
BRDA:33,1,0,0
BRDA:33,1,1,0
BRDA:60,2,0,0
BRDA:60,2,1,0
BRDA:60,2,2,0
BRDA:60,2,3,0
BRDA:72,3,0,0
BRDA:72,3,1,0
BRDA:72,3,2,0
BRDA:72,3,3,0
BRDA:86,4,0,0
BRDA:86,4,1,0
BRDA:110,5,0,0
BRDA:110,5,1,0
BRF:15
BRH:0
end_of_record
TN:
SF:src/hooks/useTimer.ts
FN:27,useTimer
FN:42,(anonymous_10)
FN:52,(anonymous_11)
FN:71,(anonymous_12)
FN:77,(anonymous_13)
FN:83,(anonymous_14)
FN:89,(anonymous_15)
FN:106,(anonymous_16)
FN:112,(anonymous_17)
FN:118,(anonymous_18)
FN:124,(anonymous_19)
FN:138,(anonymous_20)
FN:143,(anonymous_21)
FN:159,(anonymous_22)
FN:184,(anonymous_23)
FN:192,(anonymous_24)
FN:207,(anonymous_25)
FN:212,(anonymous_26)
FN:232,(anonymous_27)
FN:247,(anonymous_28)
FN:248,(anonymous_29)
FN:250,(anonymous_30)
FN:264,(anonymous_31)
FN:266,(anonymous_32)
FN:275,(anonymous_33)
FN:276,(anonymous_34)
FN:296,(anonymous_35)
FN:323,(anonymous_36)
FNF:28
FNH:0
FNDA:0,useTimer
FNDA:0,(anonymous_10)
FNDA:0,(anonymous_11)
FNDA:0,(anonymous_12)
FNDA:0,(anonymous_13)
FNDA:0,(anonymous_14)
FNDA:0,(anonymous_15)
FNDA:0,(anonymous_16)
FNDA:0,(anonymous_17)
FNDA:0,(anonymous_18)
FNDA:0,(anonymous_19)
FNDA:0,(anonymous_20)
FNDA:0,(anonymous_21)
FNDA:0,(anonymous_22)
FNDA:0,(anonymous_23)
FNDA:0,(anonymous_24)
FNDA:0,(anonymous_25)
FNDA:0,(anonymous_26)
FNDA:0,(anonymous_27)
FNDA:0,(anonymous_28)
FNDA:0,(anonymous_29)
FNDA:0,(anonymous_30)
FNDA:0,(anonymous_31)
FNDA:0,(anonymous_32)
FNDA:0,(anonymous_33)
FNDA:0,(anonymous_34)
FNDA:0,(anonymous_35)
FNDA:0,(anonymous_36)
DA:1,0
DA:2,0
DA:5,0
DA:6,0
DA:27,0
DA:28,0
DA:29,0
DA:30,0
DA:31,0
DA:32,0
DA:33,0
DA:34,0
DA:36,0
DA:37,0
DA:38,0
DA:39,0
DA:40,0
DA:42,0
DA:43,0
DA:44,0
DA:45,0
DA:52,0
DA:53,0
DA:55,0
DA:57,0
DA:61,0
DA:62,0
DA:63,0
DA:65,0
DA:71,0
DA:72,0
DA:74,0
DA:76,0
DA:77,0
DA:78,0
DA:79,0
DA:80,0
DA:83,0
DA:84,0
DA:89,0
DA:90,0
DA:91,0
DA:92,0
DA:93,0
DA:96,0
DA:97,0
DA:98,0
DA:99,0
DA:101,0
DA:105,0
DA:106,0
DA:107,0
DA:111,0
DA:112,0
DA:115,0
DA:118,0
DA:119,0
DA:120,0
DA:121,0
DA:124,0
DA:125,0
DA:129,0
DA:130,0
DA:131,0
DA:132,0
DA:134,0
DA:138,0
DA:139,0
DA:140,0
DA:143,0
DA:144,0
DA:148,0
DA:149,0
DA:150,0
DA:151,0
DA:153,0
DA:156,0
DA:159,0
DA:160,0
DA:161,0
DA:163,0
DA:166,0
DA:167,0
DA:168,0
DA:169,0
DA:171,0
DA:172,0
DA:176,0
DA:177,0
DA:178,0
DA:179,0
DA:180,0
DA:181,0
DA:184,0
DA:185,0
DA:192,0
DA:193,0
DA:195,0
DA:196,0
DA:199,0
DA:200,0
DA:201,0
DA:202,0
DA:203,0
DA:204,0
DA:207,0
DA:208,0
DA:212,0
DA:213,0
DA:217,0
DA:220,0
DA:221,0
DA:225,0
DA:226,0
DA:232,0
DA:233,0
DA:234,0
DA:240,0
DA:241,0
DA:247,0
DA:248,0
DA:250,0
DA:251,0
DA:255,0
DA:256,0
DA:257,0
DA:258,0
DA:262,0
DA:264,0
DA:265,0
DA:266,0
DA:267,0
DA:275,0
DA:276,0
DA:277,0
DA:280,0
DA:282,0
DA:284,0
DA:285,0
DA:286,0
DA:287,0
DA:288,0
DA:291,0
DA:292,0
DA:293,0
DA:296,0
DA:297,0
DA:301,0
DA:306,0
DA:307,0
DA:308,0
DA:310,0
DA:311,0
DA:314,0
DA:318,0
DA:321,0
DA:323,0
DA:324,0
DA:328,0
LF:159
LH:0
BRDA:27,0,0,0
BRDA:43,1,0,0
BRDA:43,1,1,0
BRDA:53,2,0,0
BRDA:53,2,1,0
BRDA:55,3,0,0
BRDA:55,3,1,0
BRDA:74,4,0,0
BRDA:74,4,1,0
BRDA:96,5,0,0
BRDA:96,5,1,0
BRDA:97,6,0,0
BRDA:97,6,1,0
BRDA:105,7,0,0
BRDA:105,7,1,0
BRDA:106,8,0,0
BRDA:106,8,1,0
BRDA:111,9,0,0
BRDA:111,9,1,0
BRDA:129,10,0,0
BRDA:129,10,1,0
BRDA:131,11,0,0
BRDA:131,11,1,0
BRDA:148,12,0,0
BRDA:148,12,1,0
BRDA:150,13,0,0
BRDA:150,13,1,0
BRDA:166,14,0,0
BRDA:166,14,1,0
BRDA:168,15,0,0
BRDA:168,15,1,0
BRDA:193,16,0,0
BRDA:193,16,1,0
BRDA:204,17,0,0
BRDA:204,17,1,0
BRDA:220,18,0,0
BRDA:220,18,1,0
BRDA:233,19,0,0
BRDA:233,19,1,0
BRDA:237,20,0,0
BRDA:237,20,1,0
BRDA:256,21,0,0
BRDA:256,21,1,0
BRDA:280,22,0,0
BRDA:280,22,1,0
BRDA:280,23,0,0
BRDA:280,23,1,0
BRDA:282,24,0,0
BRDA:282,24,1,0
BRDA:282,25,0,0
BRDA:282,25,1,0
BRDA:282,25,2,0
BRDA:285,26,0,0
BRDA:285,26,1,0
BRDA:285,27,0,0
BRDA:285,27,1,0
BRDA:291,28,0,0
BRDA:291,28,1,0
BRDA:291,29,0,0
BRDA:291,29,1,0
BRDA:306,30,0,0
BRDA:306,30,1,0
BRDA:306,31,0,0
BRDA:306,31,1,0
BRDA:307,32,0,0
BRDA:307,32,1,0
BRDA:310,33,0,0
BRDA:310,33,1,0
BRF:68
BRH:0
end_of_record
TN:
SF:src/lib/deviceId.ts
FN:11,generateDeviceId
FN:21,getDeviceId
FN:53,clearDeviceId
FNF:3
FNH:3
FNDA:6,generateDeviceId
FNDA:8,getDeviceId
FNDA:8,clearDeviceId
DA:1,1
DA:3,1
DA:6,1
DA:12,6
DA:13,6
DA:14,6
DA:21,1
DA:23,8
DA:24,1
DA:27,7
DA:29,7
DA:30,7
DA:31,1
DA:32,1
DA:36,6
DA:37,6
DA:38,6
DA:39,6
DA:42,0
DA:43,0
DA:44,0
DA:46,0
DA:53,1
DA:54,8
DA:55,8
DA:56,8
DA:58,0
LF:27
LH:22
BRDA:23,0,0,1
BRDA:23,0,1,7
BRDA:30,1,0,1
BRDA:30,1,1,6
BRDA:43,2,0,0
BRDA:43,2,1,0
BRF:6
BRH:4
end_of_record
TN:
SF:src/lib/supabase.ts
FNF:0
FNH:0
DA:1,0
DA:4,0
DA:5,0
DA:7,0
DA:8,0
DA:13,0
LF:6
LH:0
BRDA:7,0,0,0
BRDA:7,0,1,0
BRDA:7,1,0,0
BRDA:7,1,1,0
BRF:4
BRH:0
end_of_record
TN:
SF:src/screens/TimerScreen.tsx
FN:10,TimerScreen
FN:13,(anonymous_10)
FN:32,(anonymous_11)
FNF:3
FNH:0
FNDA:0,TimerScreen
FNDA:0,(anonymous_10)
FNDA:0,(anonymous_11)
DA:1,0
DA:2,0
DA:3,0
DA:4,0
DA:5,0
DA:6,0
DA:7,0
DA:8,0
DA:10,0
DA:11,0
DA:13,0
DA:14,0
DA:30,0
DA:32,0
DA:33,0
DA:34,0
DA:37,0
DA:65,0
LF:18
LH:0
BRDA:33,0,0,0
BRDA:33,0,1,0
BRF:2
BRH:0
end_of_record
TN:
SF:src/services/sessionService.ts
FN:20,createSession
FN:55,updateSessionStatus
FN:93,logSessionEvent
FN:120,getSessionHistory
FN:147,getSessionStats
FN:171,(anonymous_5)
FN:199,getActiveSession
FNF:7
FNH:4
FNDA:2,createSession
FNDA:3,updateSessionStatus
FNDA:3,logSessionEvent
FNDA:0,getSessionHistory
FNDA:0,getSessionStats
FNDA:0,(anonymous_5)
FNDA:3,getActiveSession
DA:1,1
DA:2,1
DA:20,1
DA:21,2
DA:22,2
DA:24,2
DA:31,2
DA:37,2
DA:38,1
DA:39,1
DA:43,1
DA:45,1
DA:47,0
DA:48,0
DA:55,1
DA:60,3
DA:61,3
DA:67,3
DA:68,1
DA:71,3
DA:78,3
DA:79,1
DA:80,1
DA:83,2
DA:85,0
DA:86,0
DA:93,1
DA:99,3
DA:100,3
DA:107,3
DA:109,3
DA:110,0
DA:113,0
DA:120,1
DA:121,0
DA:122,0
DA:124,0
DA:132,0
DA:133,0
DA:134,0
DA:137,0
DA:139,0
DA:140,0
DA:147,1
DA:152,0
DA:153,0
DA:156,0
DA:162,0
DA:163,0
DA:164,0
DA:167,0
DA:168,0
DA:170,0
DA:172,0
DA:173,0
DA:174,0
DA:177,0
DA:178,0
DA:179,0
DA:180,0
DA:184,0
DA:189,0
DA:191,0
DA:192,0
DA:199,1
DA:200,3
DA:201,3
DA:203,3
DA:212,3
DA:214,2
DA:215,1
DA:217,1
DA:218,1
DA:221,1
DA:223,0
DA:224,0
LF:76
LH:39
BRDA:37,0,0,1
BRDA:37,0,1,1
BRDA:67,1,0,1
BRDA:67,1,1,2
BRDA:67,2,0,3
BRDA:67,2,1,2
BRDA:78,3,0,1
BRDA:78,3,1,2
BRDA:109,4,0,0
BRDA:109,4,1,3
BRDA:120,5,0,0
BRDA:132,6,0,0
BRDA:132,6,1,0
BRDA:137,7,0,0
BRDA:137,7,1,0
BRDA:162,8,0,0
BRDA:162,8,1,0
BRDA:162,9,0,0
BRDA:162,9,1,0
BRDA:172,10,0,0
BRDA:172,10,1,0
BRDA:177,11,0,0
BRDA:177,11,1,0
BRDA:179,12,0,0
BRDA:179,12,1,0
BRDA:212,13,0,2
BRDA:212,13,1,1
BRDA:214,14,0,1
BRDA:214,14,1,1
BRF:29
BRH:13
end_of_record
TN:
SF:src/utils/haptics.ts
FN:6,buttonPress
FN:13,impactMedium
FN:20,success
FN:27,warning
FN:34,error
FNF:5
FNH:5
FNDA:1,buttonPress
FNDA:1,impactMedium
FNDA:1,success
FNDA:1,warning
FNDA:1,error
DA:1,1
DA:6,1
DA:7,1
DA:13,1
DA:14,1
DA:20,1
DA:21,1
DA:27,1
DA:28,1
DA:34,1
DA:35,1
LF:11
LH:11
BRF:0
BRH:0
end_of_record
TN:
SF:src/utils/time.ts
FN:1,formatElapsedTime
FNF:1
FNH:1
FNDA:14,formatElapsedTime
DA:1,1
DA:2,14
DA:3,14
DA:4,14
DA:5,14
LF:5
LH:5
BRF:0
BRH:0
end_of_record
